<?xml version="1.0" encoding="UTF-8"?>
<!-- Generated by org.testng.reporters.JUnitXMLReporter -->
<testsuite ignored="0" hostname="RAMCHERRY" failures="1" tests="2" name="error validation test" time="10.707" errors="0" timestamp="2025-07-17T20:15:11 IST">
  <testcase classname="seleniumFrameworkDesign.ErrorValidationTest" name="errormessage" time="1.0">
    <skipped/>
  </testcase> <!-- errormessage -->
  <testcase classname="seleniumFrameworkDesign.ErrorValidationTest" name="errormessage" time="0.771">
    <failure type="java.lang.AssertionError" message="expected [Incorrect email or password.] but found [Incorrect email or passlkjhword.]">
      <![CDATA[java.lang.AssertionError: expected [Incorrect email or password.] but found [Incorrect email or passlkjhword.]
at seleniumFrameworkDesign.ErrorValidationTest.errormessage(ErrorValidationTest.java:15)
at java.base/java.util.ArrayList.forEach(ArrayList.java:1511)
... Removed 37 stack frames]]>
    </failure>
  </testcase> <!-- errormessage -->
</testsuite> <!-- error validation test -->
