<!DOCTYPE html PUBLIC "-//W3C//DTD XHTML 1.1//EN" "https://www.w3.org/TR/xhtml11/DTD/xhtml11.dtd">
<html xmlns="https://www.w3.org/1999/xhtml">
<head>
<meta http-equiv="content-type" content="text/html; charset=UTF-8"/>
<title>TestNG Report</title>
<style type="text/css">table {margin-bottom:10px;border-collapse:collapse;empty-cells:show}th,td {border:1px solid #009;padding:.25em .5em}th {vertical-align:bottom}td {vertical-align:top}table a {font-weight:bold}.stripe td {background-color: #E6EBF9}.num {text-align:right}.passedodd td {background-color: #3F3}.passedeven td {background-color: #0A0}.skippedodd td {background-color: #DDD}.skippedeven td {background-color: #CCC}.failedodd td,.attn {background-color: #F33}.failedeven td,.stripe .attn {background-color: #D00}.stacktrace {white-space:pre;font-family:monospace}.totop {font-size:85%;text-align:center;border-bottom:2px solid #000}.invisible {display:none}</style>
</head>
<body>
<table>
<tr><th>Test</th><th># Passed</th><th># Skipped</th><th># Retried</th><th># Failed</th><th>Time (ms)</th><th>Included Groups</th><th>Excluded Groups</th></tr>
<tr><th colspan="8">Suite</th></tr>
<tr><td><a href="#t0">submit order test</a></td><td class="num">3</td><td class="num">0</td><td class="num">0</td><td class="num">0</td><td class="num">22,495</td><td></td><td></td></tr>
<tr class="stripe"><td><a href="#t1">error validation test</a></td><td class="num">0</td><td class="num">0</td><td class="num attn">1</td><td class="num attn">1</td><td class="num">10,707</td><td></td><td></td></tr>
<tr><th>Total</th><th class="num">3</th><th class="num">0</th><th class="num attn">1</th><th class="num attn">1</th><th class="num">33,202</th><th colspan="2"></th></tr>
</table>
<table id='summary'><thead><tr><th>Class</th><th>Method</th><th>Start</th><th>Time (ms)</th></tr></thead><tbody><tr><th colspan="4">Suite</th></tr></tbody><tbody id="t0"><tr><th colspan="4">submit order test &#8212; passed</th></tr><tr class="passedeven"><td rowspan="3">seleniumFrameworkDesign.SubmitOrdersTest</td><td><a href="#m0">OrderHistoreTest</a></td><td rowspan="1">1752763497505</td><td rowspan="1">1569</td></tr><tr class="passedeven"><td><a href="#m1">submitOrders</a></td><td rowspan="2">1752763489465</td><td rowspan="2">3974</td></tr><tr class="passedeven"><td><a href="#m2">submitOrders</a></td></tr></tbody>
<tbody id="t1"><tr><th colspan="4">error validation test &#8212; failed</th></tr><tr class="failedeven"><td rowspan="1">seleniumFrameworkDesign.ErrorValidationTest</td><td><a href="#m3">errormessage</a></td><td rowspan="1">1752763509475</td><td rowspan="1">771</td></tr><tr><th colspan="4">error validation test &#8212; retried</th></tr><tr class="retriedeven"><td rowspan="1">seleniumFrameworkDesign.ErrorValidationTest</td><td><a href="#m4">errormessage</a></td><td rowspan="1">1752763504501</td><td rowspan="1">1000</td></tr></tbody>
</table>
<h2>submit order test</h2><h3 id="m0">seleniumFrameworkDesign.SubmitOrdersTest#OrderHistoreTest</h3><table class="result"><tr><th class="invisible"/></tr></table><p class="totop"><a href="#summary">back to summary</a></p>
<h3 id="m1">seleniumFrameworkDesign.SubmitOrdersTest#submitOrders</h3><table class="result"><tr class="param"><th>Parameter #1</th></tr><tr class="param stripe"><td>{password=Ganesh143, product=ADIDAS ORIGINAL, email=ramaganesh209@gmail.com}</td></tr></table><p class="totop"><a href="#summary">back to summary</a></p>
<h3 id="m2">seleniumFrameworkDesign.SubmitOrdersTest#submitOrders</h3><table class="result"><tr class="param"><th>Parameter #1</th></tr><tr class="param stripe"><td>{password=Ganesh143, product=ZARA COAT 3, email=ramaganesh209@gmail.com}</td></tr></table><p class="totop"><a href="#summary">back to summary</a></p>
<h2>error validation test</h2><h3 id="m3">seleniumFrameworkDesign.ErrorValidationTest#errormessage</h3><table class="result"><tr><th>Exception</th></tr><tr><td><div class="stacktrace">java.lang.AssertionError: expected [Incorrect email or password.] but found [Incorrect email or passlkjhword.]
	at seleniumFrameworkDesign.ErrorValidationTest.errormessage(ErrorValidationTest.java:15)
	at java.base/java.util.ArrayList.forEach(ArrayList.java:1511)
... Removed 37 stack frames</div></td></tr></table><p class="totop"><a href="#summary">back to summary</a></p>
<h3 id="m4">seleniumFrameworkDesign.ErrorValidationTest#errormessage</h3><table class="result"><tr><th>Exception</th></tr><tr><td><div class="stacktrace">java.lang.AssertionError: expected [Incorrect email or password.] but found [Incorrect email or passlkjhword.]
	at seleniumFrameworkDesign.ErrorValidationTest.errormessage(ErrorValidationTest.java:15)
	at java.base/java.util.ArrayList.forEach(ArrayList.java:1511)
... Removed 37 stack frames</div></td></tr></table><p class="totop"><a href="#summary">back to summary</a></p>
</body>
</html>
